<?xml version="1.0" encoding="UTF-8"?>
<testng-results skipped="0" failed="0" ignored="0" total="1" passed="1">
  <reporter-output>
  </reporter-output>
  <suite name="Suite" duration-ms="57" started-at="2017-10-09T06:45:15Z" finished-at="2017-10-09T06:45:15Z">
    <groups>
    </groups>
    <test name="Test" duration-ms="57" started-at="2017-10-09T06:45:15Z" finished-at="2017-10-09T06:45:15Z">
      <class name="pack1.ListenerDemo">
        <test-method status="PASS" signature="login()[pri:0, instance:pack1.ListenerDemo@3e6fa38a]" name="login" duration-ms="19" started-at="2017-10-09T12:15:15Z" finished-at="2017-10-09T12:15:15Z">
          <reporter-output>
          </reporter-output>
        </test-method> <!-- login -->
      </class> <!-- pack1.ListenerDemo -->
    </test> <!-- Test -->
  </suite> <!-- Suite -->
</testng-results>
