<?xml version="1.0" encoding="UTF-8"?>
<!-- Generated by org.testng.reporters.JUnitXMLReporter -->
<testsuite hostname="DESKTOP-32MNFRR" ignored="1" name="Test" tests="4" failures="0" timestamp="09 Oct 2017 06:30:54 GMT" time="0.151" errors="0">
  <testcase name="login" time="0.046" classname="pack1.GroupDemo"/>
  <testcase name="advancedSearch" time="0.005" classname="pack1.GroupDemo"/>
  <testcase name="billPayment" time="0.002" classname="pack1.GroupDemo"/>
  <testcase name="logout" time="0.002" classname="pack1.GroupDemo"/>
  <testcase name="search" time="0.0" classname="pack1.GroupDemo">
    <ignored/>
  </testcase> <!-- search -->
</testsuite> <!-- Test -->
